
9월 24, 2022 12:53:27.910 NEW SESSION
9월 24, 2022 12:53:27.910 [3512:6652:0924/125327.908:ERROR:device_event_log_impl.cc(214)] [12:53:27.908] Bluetooth: bluetooth_adapter_winrt.cc:1074 Getting Default Adapter failed.
9월 24, 2022 12:54:24.170 [3512:12620:0924/125424.169:ERROR:util.cc(129)] Can't create base directory: C:\Program Files\Google\GoogleUpdater
9월 24, 2022 12:57:16.678 [7384:6864:0924/125716.678:ERROR:device_event_log_impl.cc(214)] [12:57:16.677] Bluetooth: bluetooth_adapter_winrt.cc:1074 Getting Default Adapter failed.
9월 24, 2022 13:00:35.799 [3480:4720:0924/130035.798:ERROR:device_event_log_impl.cc(214)] [13:00:35.798] Bluetooth: bluetooth_adapter_winrt.cc:1074 Getting Default Adapter failed.
9월 24, 2022 13:02:38.281 [7928:2856:0924/130238.281:ERROR:device_event_log_impl.cc(214)] [13:02:38.280] Bluetooth: bluetooth_adapter_winrt.cc:1074 Getting Default Adapter failed.
9월 24, 2022 13:03:45.441 [11884:10188:0924/130345.440:ERROR:device_event_log_impl.cc(214)] [13:03:45.441] Bluetooth: bluetooth_adapter_winrt.cc:1074 Getting Default Adapter failed.
9월 24, 2022 13:04:10.958 [2772:7116:0924/130410.957:ERROR:device_event_log_impl.cc(214)] [13:04:10.958] Bluetooth: bluetooth_adapter_winrt.cc:1074 Getting Default Adapter failed.
9월 24, 2022 15:08:49.853 [3664:2200:0924/150849.853:ERROR:device_event_log_impl.cc(214)] [15:08:49.852] Bluetooth: bluetooth_adapter_winrt.cc:1074 Getting Default Adapter failed.

9월 26, 2022 11:20:32.608 NEW SESSION
9월 26, 2022 11:20:32.608 [6448:14864:0926/112032.606:ERROR:device_event_log_impl.cc(214)] [11:20:32.605] USB: usb_device_handle_win.cc:1048 Failed to read descriptor from node connection: 시스템에 부착된 장치가 작동하지 않습니다. (0x1F)
9월 26, 2022 11:20:32.613 [6448:14864:0926/112032.611:ERROR:device_event_log_impl.cc(214)] [11:20:32.610] USB: usb_device_handle_win.cc:1048 Failed to read descriptor from node connection: 시스템에 부착된 장치가 작동하지 않습니다. (0x1F)
9월 26, 2022 11:22:30.121 [13468:6692:0926/112230.121:ERROR:device_event_log_impl.cc(214)] [11:22:30.120] USB: usb_device_handle_win.cc:1048 Failed to read descriptor from node connection: 시스템에 부착된 장치가 작동하지 않습니다. (0x1F)
9월 26, 2022 11:22:30.124 [13468:6692:0926/112230.124:ERROR:device_event_log_impl.cc(214)] [11:22:30.123] USB: usb_device_handle_win.cc:1048 Failed to read descriptor from node connection: 시스템에 부착된 장치가 작동하지 않습니다. (0x1F)
9월 26, 2022 11:22:31.75 [13468:6692:0926/112231.075:ERROR:interface_endpoint_client.cc(689)] Message 1 rejected by interface blink.mojom.WidgetHost
9월 26, 2022 11:23:26.788 [13468:15872:0926/112326.788:ERROR:util.cc(129)] Can't create base directory: C:\Program Files\Google\GoogleUpdater

9월 26, 2022 14:13:34.112 NEW SESSION
9월 26, 2022 14:13:34.112 [13844:1656:0926/141334.111:ERROR:device_event_log_impl.cc(214)] [14:13:34.111] USB: usb_device_handle_win.cc:1048 Failed to read descriptor from node connection: 시스템에 부착된 장치가 작동하지 않습니다. (0x1F)
9월 26, 2022 14:13:34.115 [13844:1656:0926/141334.115:ERROR:device_event_log_impl.cc(214)] [14:13:34.115] USB: usb_device_handle_win.cc:1048 Failed to read descriptor from node connection: 시스템에 부착된 장치가 작동하지 않습니다. (0x1F)

9월 29, 2022 16:10:00.913 NEW SESSION
9월 29, 2022 16:10:00.913 [2736:16256:0929/161000.911:ERROR:device_event_log_impl.cc(214)] [16:10:00.912] USB: usb_device_handle_win.cc:1048 Failed to read descriptor from node connection: 시스템에 부착된 장치가 작동하지 않습니다. (0x1F)
9월 29, 2022 16:10:00.916 [2736:16256:0929/161000.915:ERROR:device_event_log_impl.cc(214)] [16:10:00.916] USB: usb_device_handle_win.cc:1048 Failed to read descriptor from node connection: 시스템에 부착된 장치가 작동하지 않습니다. (0x1F)
9월 29, 2022 16:10:58.816 [2736:11216:0929/161058.816:ERROR:util.cc(129)] Can't create base directory: C:\Program Files\Google\GoogleUpdater

9월 30, 2022 11:01:11.290 NEW SESSION
9월 30, 2022 11:01:11.290 [17344:3256:0930/110111.289:ERROR:device_event_log_impl.cc(214)] [11:01:11.288] USB: usb_device_handle_win.cc:1048 Failed to read descriptor from node connection: 시스템에 부착된 장치가 작동하지 않습니다. (0x1F)
9월 30, 2022 11:01:11.294 [17344:3256:0930/110111.293:ERROR:device_event_log_impl.cc(214)] [11:01:11.293] USB: usb_device_handle_win.cc:1048 Failed to read descriptor from node connection: 시스템에 부착된 장치가 작동하지 않습니다. (0x1F)
9월 30, 2022 11:02:09.40 [17344:20020:0930/110209.039:ERROR:util.cc(129)] Can't create base directory: C:\Program Files\Google\GoogleUpdater
9월 30, 2022 11:11:54.445 [17344:3256:0930/111154.445:ERROR:interface_endpoint_client.cc(689)] Message 1 rejected by interface blink.mojom.WidgetHost
9월 30, 2022 11:12:02.846 [17344:3256:0930/111202.845:ERROR:interface_endpoint_client.cc(689)] Message 1 rejected by interface blink.mojom.WidgetHost
